<?xml version="1.0" encoding="UTF-8"?>
<!-- Generated by org.testng.reporters.JUnitReportReporter -->
<testsuite skipped="0" hostname="vamsikrishna" name="test.EdmodoLoginPageTest" tests="4" failures="0" timestamp="10 Mar 2019 12:09:42 GMT" time="177.042" errors="0">
  <testcase name="testCase3" time="44.898" classname="test.EdmodoLoginPageTest"/>
  <testcase name="testcase9" time="38.702" classname="test.EdmodoLoginPageTest"/>
  <testcase name="testCase5" time="50.507" classname="test.EdmodoLoginPageTest"/>
  <testcase name="testcase7" time="42.935" classname="test.EdmodoLoginPageTest"/>
</testsuite> <!-- test.EdmodoLoginPageTest -->
