<?xml version="1.0" encoding="UTF-8"?>
<!-- Generated by org.testng.reporters.JUnitReportReporter -->
<testsuite skipped="0" hostname="vamsikrishna" name="test.EdmodoHomePageTest" tests="5" failures="0" timestamp="10 Mar 2019 12:09:43 GMT" time="197.894" errors="0">
  <testcase name="testCase4" time="33.829" classname="test.EdmodoHomePageTest"/>
  <testcase name="testCase8" time="67.325" classname="test.EdmodoHomePageTest"/>
  <testcase name="testCase1" time="30.949" classname="test.EdmodoHomePageTest"/>
  <testcase name="testCase2" time="35.070" classname="test.EdmodoHomePageTest"/>
  <testcase name="testCase6" time="30.721" classname="test.EdmodoHomePageTest"/>
</testsuite> <!-- test.EdmodoHomePageTest -->
