<?xml version="1.0" encoding="UTF-8"?>
<!-- Generated by org.testng.reporters.JUnitReportReporter -->
<testsuite skipped="0" hostname="vamsikrishna" name="test.EdmodoAdminPageTest" tests="1" failures="0" timestamp="10 Mar 2019 12:09:43 GMT" time="115.651" errors="0">
  <testcase name="testCase10" time="115.651" classname="test.EdmodoAdminPageTest"/>
</testsuite> <!-- test.EdmodoAdminPageTest -->
